<?xml version="1.0" encoding="UTF-8"?>
<!-- Generated by org.testng.reporters.JUnitReportReporter -->
<testsuite skipped="0" hostname="CDC2-D-CM8WXJ2" name="cucumber.casestudy.Runnerstep" tests="1" failures="0" timestamp="28 Jun 2019 09:20:09 GMT" time="18.474" errors="0">
  <testcase name="user_enter_in_the_TestMeApp" time="18.474" classname="cucumber.casestudy.Runnerstep"/>
</testsuite> <!-- cucumber.casestudy.Runnerstep -->
