<?xml version="1.0" encoding="UTF-8"?>
<!-- Generated by org.testng.reporters.JUnitReportReporter -->
<testsuite skipped="0" hostname="CDC2-D-CM8WXJ2" name="loginfortestme.Loginrunnerstep" tests="1" failures="0" timestamp="28 Jun 2019 04:42:05 GMT" time="21.821" errors="0">
  <testcase name="user_in_the_login_page" time="21.821" classname="loginfortestme.Loginrunnerstep"/>
</testsuite> <!-- loginfortestme.Loginrunnerstep -->
